[W 2025-06-30 01:03:30.758 ServerApp] A `_jupyter_server_extension_points` function was not found in jupyter_lsp. Instead, a `_jupyter_server_extension_paths` function was found and will be used for now. This function name will be deprecated in future releases of Jupyter Server.
[W 2025-06-30 01:03:30.929 ServerApp] A `_jupyter_server_extension_points` function was not found in notebook_shim. Instead, a `_jupyter_server_extension_paths` function was found and will be used for now. This function name will be deprecated in future releases of Jupyter Server.
[I 2025-06-30 01:03:31.298 ServerApp] Extension package panel.io.jupyter_server_extension took 0.3679s to import
[I 2025-06-30 01:03:31.298 ServerApp] jupyter_lsp | extension was successfully linked.
[I 2025-06-30 01:03:31.299 ServerApp] jupyter_server_terminals | extension was successfully linked.
[I 2025-06-30 01:03:31.300 ServerApp] jupyterlab | extension was successfully linked.
[W 2025-06-30 01:03:31.302 ServerApp] ServerApp.password config is deprecated in 2.0. Use PasswordIdentityProvider.hashed_password.
[W 2025-06-30 01:03:31.302 ServerApp] ServerApp.password_required config is deprecated in 2.0. Use PasswordIdentityProvider.password_required.
[I 2025-06-30 01:03:31.302 ServerApp] notebook | extension was successfully linked.
[I 2025-06-30 01:03:31.370 ServerApp] notebook_shim | extension was successfully linked.
[I 2025-06-30 01:03:31.370 ServerApp] panel.io.jupyter_server_extension | extension was successfully linked.
[I 2025-06-30 01:03:31.381 ServerApp] notebook_shim | extension was successfully loaded.
[I 2025-06-30 01:03:31.382 ServerApp] jupyter_lsp | extension was successfully loaded.
[I 2025-06-30 01:03:31.383 ServerApp] jupyter_server_terminals | extension was successfully loaded.
[I 2025-06-30 01:03:31.383 LabApp] JupyterLab extension loaded from /opt/anaconda3/lib/python3.12/site-packages/jupyterlab
[I 2025-06-30 01:03:31.383 LabApp] JupyterLab application directory is /opt/anaconda3/share/jupyter/lab
[I 2025-06-30 01:03:31.384 LabApp] Extension Manager is 'pypi'.
[I 2025-06-30 01:03:31.389 ServerApp] jupyterlab | extension was successfully loaded.
[I 2025-06-30 01:03:31.391 ServerApp] notebook | extension was successfully loaded.
[I 2025-06-30 01:03:31.391 ServerApp] panel.io.jupyter_server_extension | extension was successfully loaded.
[I 2025-06-30 01:03:31.391 ServerApp] Serving notebooks from local directory: /Users/changpengcheng/python 2
[I 2025-06-30 01:03:31.391 ServerApp] Jupyter Server 2.14.1 is running at:
[I 2025-06-30 01:03:31.391 ServerApp] http://changpengchengdeMacBook-Pro.local:8888/tree
[I 2025-06-30 01:03:31.391 ServerApp]     http://127.0.0.1:8888/tree
[I 2025-06-30 01:03:31.391 ServerApp] Use Control-C to stop this server and shut down all kernels (twice to skip confirmation).
[I 2025-06-30 01:03:31.463 ServerApp] Skipped non-installed server(s): bash-language-server, dockerfile-language-server-nodejs, javascript-typescript-langserver, jedi-language-server, julia-language-server, pyright, python-language-server, r-languageserver, sql-language-server, texlab, typescript-language-server, unified-language-server, vscode-css-languageserver-bin, vscode-html-languageserver-bin, vscode-json-languageserver-bin, yaml-language-server
[I 2025-06-30 01:03:55.762 JupyterNotebookApp] 302 GET /tree (@127.0.0.1) 0.46ms
[I 2025-06-30 01:04:00.969 ServerApp] User 4fd39f9e4aa44b60af23937da85d0911 logged in.
[I 2025-06-30 01:04:00.970 ServerApp] 302 POST /login?next=%2Ftree (4fd39f9e4aa44b60af23937da85d0911@127.0.0.1) 25.19ms
0.00s - Debugger warning: It seems that frozen modules are being used, which may
0.00s - make the debugger miss breakpoints. Please pass -Xfrozen_modules=off
0.00s - to python to disable frozen modules.
0.00s - Note: Debugging will proceed. Set PYDEVD_DISABLE_FILE_VALIDATION=1 to disable this validation.
[W 2025-06-30 01:04:07.149 ServerApp] Notebook 第一部分python/第一讲邂逅Python.ipynb is not trusted
[W 2025-06-30 01:04:07.493 ServerApp] Notebook 第一部分python/第一讲邂逅Python.ipynb is not trusted
[I 2025-06-30 01:04:07.657 ServerApp] Kernel started: 744d7b62-57e0-4c5a-8279-8c47bd86571d
0.00s - Debugger warning: It seems that frozen modules are being used, which may
0.00s - make the debugger miss breakpoints. Please pass -Xfrozen_modules=off
0.00s - to python to disable frozen modules.
0.00s - Note: Debugging will proceed. Set PYDEVD_DISABLE_FILE_VALIDATION=1 to disable this validation.
[I 2025-06-30 01:04:08.133 ServerApp] Connecting to kernel 744d7b62-57e0-4c5a-8279-8c47bd86571d.
[I 2025-06-30 01:04:08.143 ServerApp] Starting buffering for 744d7b62-57e0-4c5a-8279-8c47bd86571d:52cbc3e7-46ed-4466-bb75-e477164a9c44
[I 2025-06-30 01:04:08.144 ServerApp] Connecting to kernel 744d7b62-57e0-4c5a-8279-8c47bd86571d.
[I 2025-06-30 01:04:08.156 ServerApp] Connecting to kernel 744d7b62-57e0-4c5a-8279-8c47bd86571d.
[I 2025-06-30 01:04:12.119 ServerApp] Connecting to kernel 744d7b62-57e0-4c5a-8279-8c47bd86571d.
[I 2025-06-30 01:09:08.872 ServerApp] Starting buffering for 744d7b62-57e0-4c5a-8279-8c47bd86571d:0a5a7fc8-1998-429d-8882-3b2e8236e39a
[C 2025-06-30 01:09:16.939 ServerApp] received signal 15, stopping
[I 2025-06-30 01:09:16.942 ServerApp] Shutting down 6 extensions
[I 2025-06-30 01:09:16.943 ServerApp] Shutting down 1 kernel
[I 2025-06-30 01:09:16.945 ServerApp] Kernel shutdown: 744d7b62-57e0-4c5a-8279-8c47bd86571d
